2022-12-21 19:33:53,121 INFO c.i.a.s.ApiValidatorFilter [http-nio-9090-exec-3] Logging Request  GET : /api/test
2022-12-21 19:33:53,189 INFO c.i.a.s.ApiValidatorFilter [http-nio-9090-exec-3] Logging Response :application/json
2022-12-21 21:33:54,199 INFO o.s.o.j.AbstractEntityManagerFactoryBean [SpringApplicationShutdownHook] Closing JPA EntityManagerFactory for persistence unit 'default'
2022-12-21 21:33:54,254 INFO c.z.h.HikariDataSource [SpringApplicationShutdownHook] HikariPool-1 - Shutdown initiated...
2022-12-21 21:33:54,444 INFO c.z.h.HikariDataSource [SpringApplicationShutdownHook] HikariPool-1 - Shutdown completed.
2022-12-21 21:34:12,722 INFO o.h.v.i.u.Version [background-preinit] HV000001: Hibernate Validator 8.0.0.Final
2022-12-21 21:34:12,825 INFO o.s.b.StartupInfoLogger [main] Starting ApigwApplication using Java 17.0.3.1 with PID 46356 (/home/issac/work/ws-spring/apigw/bin/main started by issac in /home/issac/work/ws-spring/apigw)
2022-12-21 21:34:12,828 INFO o.s.b.SpringApplication [main] No active profile set, falling back to 1 default profile: "default"
2022-12-21 21:34:14,673 INFO o.s.d.r.c.RepositoryConfigurationDelegate [main] Bootstrapping Spring Data JPA repositories in DEFAULT mode.
2022-12-21 21:34:14,791 INFO o.s.d.r.c.RepositoryConfigurationDelegate [main] Finished Spring Data repository scanning in 105 ms. Found 2 JPA repository interfaces.
2022-12-21 21:34:16,005 INFO o.s.b.w.e.t.TomcatWebServer [main] Tomcat initialized with port(s): 9090 (http)
2022-12-21 21:34:16,028 INFO o.a.j.l.DirectJDKLog [main] Initializing ProtocolHandler ["http-nio-9090"]
2022-12-21 21:34:16,029 INFO o.a.j.l.DirectJDKLog [main] Starting service [Tomcat]
2022-12-21 21:34:16,030 INFO o.a.j.l.DirectJDKLog [main] Starting Servlet engine: [Apache Tomcat/10.1.1]
2022-12-21 21:34:16,249 INFO o.a.j.l.DirectJDKLog [main] Initializing Spring embedded WebApplicationContext
2022-12-21 21:34:16,252 INFO o.s.b.w.s.c.ServletWebServerApplicationContext [main] Root WebApplicationContext: initialization completed in 3306 ms
2022-12-21 21:34:16,443 INFO c.z.h.HikariDataSource [main] HikariPool-1 - Starting...
2022-12-21 21:34:17,248 INFO c.z.h.p.HikariPool [main] HikariPool-1 - Added connection org.postgresql.jdbc.PgConnection@4bb147ec
2022-12-21 21:34:17,250 INFO c.z.h.HikariDataSource [main] HikariPool-1 - Start completed.
2022-12-21 21:34:17,333 INFO o.h.j.i.u.LogHelper [main] HHH000204: Processing PersistenceUnitInfo [name: default]
2022-12-21 21:34:17,422 INFO o.h.Version [main] HHH000412: Hibernate ORM core version 6.1.5.Final
2022-12-21 21:34:17,807 WARN o.h.b.i.MetadataBuilderImpl$MetadataBuildingOptionsImpl [main] HHH90000021: Encountered deprecated setting [javax.persistence.sharedCache.mode], use [jakarta.persistence.sharedCache.mode] instead
2022-12-21 21:34:17,985 INFO o.h.e.j.d.i.DialectFactoryImpl [main] HHH000400: Using dialect: org.hibernate.dialect.PostgreSQL92Dialect
2022-12-21 21:34:17,988 WARN o.h.e.j.d.i.DialectFactoryImpl [main] HHH90000026: PostgreSQL92Dialect has been deprecated; use org.hibernate.dialect.PostgreSQLDialect instead
2022-12-21 21:34:18,849 INFO o.h.e.t.j.p.i.JtaPlatformInitiator [main] HHH000490: Using JtaPlatform implementation: [org.hibernate.engine.transaction.jta.platform.internal.NoJtaPlatform]
2022-12-21 21:34:18,862 INFO o.s.o.j.AbstractEntityManagerFactoryBean [main] Initialized JPA EntityManagerFactory for persistence unit 'default'
2022-12-21 21:34:18,875 WARN o.s.c.LocalVariableTableParameterNameDiscoverer [main] Using deprecated '-debug' fallback for parameter name resolution. Compile the affected code with '-parameters' instead or avoid its introspection: com.issac.apigw.controller.AuthController
2022-12-21 21:34:18,879 WARN o.s.c.LocalVariableTableParameterNameDiscoverer [main] Using deprecated '-debug' fallback for parameter name resolution. Compile the affected code with '-parameters' instead or avoid its introspection: com.issac.apigw.service.ClientIdpInfoService
2022-12-21 21:34:19,159 WARN o.s.c.LocalVariableTableParameterNameDiscoverer [main] Using deprecated '-debug' fallback for parameter name resolution. Compile the affected code with '-parameters' instead or avoid its introspection: com.issac.apigw.repo.ClientIdpInfoRepo
2022-12-21 21:34:19,250 WARN o.s.c.LocalVariableTableParameterNameDiscoverer [main] Using deprecated '-debug' fallback for parameter name resolution. Compile the affected code with '-parameters' instead or avoid its introspection: com.issac.apigw.service.UserLoginStateService
2022-12-21 21:34:19,289 WARN o.s.c.LocalVariableTableParameterNameDiscoverer [main] Using deprecated '-debug' fallback for parameter name resolution. Compile the affected code with '-parameters' instead or avoid its introspection: com.issac.apigw.service.EndpointFactory
2022-12-21 21:34:19,518 WARN o.s.c.LocalVariableTableParameterNameDiscoverer [main] Using deprecated '-debug' fallback for parameter name resolution. Compile the affected code with '-parameters' instead or avoid its introspection: com.issac.apigw.controller.LocalAuthController
2022-12-21 21:34:19,588 WARN o.s.b.a.o.j.JpaBaseConfiguration$JpaWebConfiguration [main] spring.jpa.open-in-view is enabled by default. Therefore, database queries may be performed during view rendering. Explicitly configure spring.jpa.open-in-view to disable this warning
2022-12-21 21:34:19,976 INFO o.a.j.l.DirectJDKLog [main] Starting ProtocolHandler ["http-nio-9090"]
2022-12-21 21:34:20,036 INFO o.s.b.w.e.t.TomcatWebServer [main] Tomcat started on port(s): 9090 (http) with context path ''
2022-12-21 21:34:20,053 INFO o.s.b.StartupInfoLogger [main] Started ApigwApplication in 8.55 seconds (process running for 10.101)
2022-12-21 21:34:43,354 INFO o.a.j.l.DirectJDKLog [http-nio-9090-exec-1] Initializing Spring DispatcherServlet 'dispatcherServlet'
2022-12-21 21:34:43,355 INFO o.s.w.s.FrameworkServlet [http-nio-9090-exec-1] Initializing Servlet 'dispatcherServlet'
2022-12-21 21:34:43,357 INFO o.s.w.s.FrameworkServlet [http-nio-9090-exec-1] Completed initialization in 2 ms
2022-12-21 21:34:43,376 INFO c.i.a.s.ApiValidatorFilter [http-nio-9090-exec-1] Logging Request  GET : /api/test
2022-12-21 21:34:43,479 INFO c.i.a.s.ApiValidatorFilter [http-nio-9090-exec-1] Logging Response :application/json
2022-12-21 21:35:23,260 INFO c.i.a.s.ApiValidatorFilter [http-nio-9090-exec-2] Logging Request  GET : /api/test
2022-12-21 21:35:23,274 INFO c.i.a.s.ApiValidatorFilter [http-nio-9090-exec-2] Logging Response :application/json
2022-12-21 21:36:27,830 INFO o.s.o.j.AbstractEntityManagerFactoryBean [SpringApplicationShutdownHook] Closing JPA EntityManagerFactory for persistence unit 'default'
2022-12-21 21:36:27,832 INFO c.z.h.HikariDataSource [SpringApplicationShutdownHook] HikariPool-1 - Shutdown initiated...
2022-12-21 21:36:27,849 INFO c.z.h.HikariDataSource [SpringApplicationShutdownHook] HikariPool-1 - Shutdown completed.
2022-12-21 21:36:35,129 INFO o.h.v.i.u.Version [background-preinit] HV000001: Hibernate Validator 8.0.0.Final
2022-12-21 21:36:35,193 INFO o.s.b.StartupInfoLogger [main] Starting ApigwApplication using Java 17.0.3.1 with PID 46644 (/home/issac/work/ws-spring/apigw/bin/main started by issac in /home/issac/work/ws-spring/apigw)
2022-12-21 21:36:35,194 INFO o.s.b.SpringApplication [main] No active profile set, falling back to 1 default profile: "default"
2022-12-21 21:36:36,350 INFO o.s.d.r.c.RepositoryConfigurationDelegate [main] Bootstrapping Spring Data JPA repositories in DEFAULT mode.
2022-12-21 21:36:36,458 INFO o.s.d.r.c.RepositoryConfigurationDelegate [main] Finished Spring Data repository scanning in 95 ms. Found 2 JPA repository interfaces.
2022-12-21 21:36:37,306 INFO o.s.b.w.e.t.TomcatWebServer [main] Tomcat initialized with port(s): 9090 (http)
2022-12-21 21:36:37,321 INFO o.a.j.l.DirectJDKLog [main] Initializing ProtocolHandler ["http-nio-9090"]
2022-12-21 21:36:37,327 INFO o.a.j.l.DirectJDKLog [main] Starting service [Tomcat]
2022-12-21 21:36:37,328 INFO o.a.j.l.DirectJDKLog [main] Starting Servlet engine: [Apache Tomcat/10.1.1]
2022-12-21 21:36:37,448 INFO o.a.j.l.DirectJDKLog [main] Initializing Spring embedded WebApplicationContext
2022-12-21 21:36:37,452 INFO o.s.b.w.s.c.ServletWebServerApplicationContext [main] Root WebApplicationContext: initialization completed in 2199 ms
2022-12-21 21:36:37,652 INFO c.z.h.HikariDataSource [main] HikariPool-1 - Starting...
2022-12-21 21:36:37,935 INFO c.z.h.p.HikariPool [main] HikariPool-1 - Added connection org.postgresql.jdbc.PgConnection@6be6931f
2022-12-21 21:36:37,937 INFO c.z.h.HikariDataSource [main] HikariPool-1 - Start completed.
2022-12-21 21:36:37,995 INFO o.h.j.i.u.LogHelper [main] HHH000204: Processing PersistenceUnitInfo [name: default]
2022-12-21 21:36:38,042 INFO o.h.Version [main] HHH000412: Hibernate ORM core version 6.1.5.Final
2022-12-21 21:36:38,261 WARN o.h.b.i.MetadataBuilderImpl$MetadataBuildingOptionsImpl [main] HHH90000021: Encountered deprecated setting [javax.persistence.sharedCache.mode], use [jakarta.persistence.sharedCache.mode] instead
2022-12-21 21:36:38,443 INFO o.h.e.j.d.i.DialectFactoryImpl [main] HHH000400: Using dialect: org.hibernate.dialect.PostgreSQL92Dialect
2022-12-21 21:36:38,444 WARN o.h.e.j.d.i.DialectFactoryImpl [main] HHH90000026: PostgreSQL92Dialect has been deprecated; use org.hibernate.dialect.PostgreSQLDialect instead
2022-12-21 21:36:39,183 INFO o.h.e.t.j.p.i.JtaPlatformInitiator [main] HHH000490: Using JtaPlatform implementation: [org.hibernate.engine.transaction.jta.platform.internal.NoJtaPlatform]
2022-12-21 21:36:39,189 INFO o.s.o.j.AbstractEntityManagerFactoryBean [main] Initialized JPA EntityManagerFactory for persistence unit 'default'
2022-12-21 21:36:39,205 WARN o.s.c.LocalVariableTableParameterNameDiscoverer [main] Using deprecated '-debug' fallback for parameter name resolution. Compile the affected code with '-parameters' instead or avoid its introspection: com.issac.apigw.controller.AuthController
2022-12-21 21:36:39,209 WARN o.s.c.LocalVariableTableParameterNameDiscoverer [main] Using deprecated '-debug' fallback for parameter name resolution. Compile the affected code with '-parameters' instead or avoid its introspection: com.issac.apigw.service.ClientIdpInfoService
2022-12-21 21:36:39,480 WARN o.s.c.LocalVariableTableParameterNameDiscoverer [main] Using deprecated '-debug' fallback for parameter name resolution. Compile the affected code with '-parameters' instead or avoid its introspection: com.issac.apigw.repo.ClientIdpInfoRepo
2022-12-21 21:36:39,560 WARN o.s.c.LocalVariableTableParameterNameDiscoverer [main] Using deprecated '-debug' fallback for parameter name resolution. Compile the affected code with '-parameters' instead or avoid its introspection: com.issac.apigw.service.UserLoginStateService
2022-12-21 21:36:39,606 WARN o.s.c.LocalVariableTableParameterNameDiscoverer [main] Using deprecated '-debug' fallback for parameter name resolution. Compile the affected code with '-parameters' instead or avoid its introspection: com.issac.apigw.service.EndpointFactory
2022-12-21 21:36:39,761 WARN o.s.c.LocalVariableTableParameterNameDiscoverer [main] Using deprecated '-debug' fallback for parameter name resolution. Compile the affected code with '-parameters' instead or avoid its introspection: com.issac.apigw.controller.LocalAuthController
2022-12-21 21:36:39,833 WARN o.s.b.a.o.j.JpaBaseConfiguration$JpaWebConfiguration [main] spring.jpa.open-in-view is enabled by default. Therefore, database queries may be performed during view rendering. Explicitly configure spring.jpa.open-in-view to disable this warning
2022-12-21 21:36:40,164 INFO o.a.j.l.DirectJDKLog [main] Starting ProtocolHandler ["http-nio-9090"]
2022-12-21 21:36:40,204 INFO o.s.b.w.e.t.TomcatWebServer [main] Tomcat started on port(s): 9090 (http) with context path ''
2022-12-21 21:36:40,216 INFO o.s.b.StartupInfoLogger [main] Started ApigwApplication in 5.764 seconds (process running for 6.327)
2022-12-21 21:36:49,680 INFO o.a.j.l.DirectJDKLog [http-nio-9090-exec-1] Initializing Spring DispatcherServlet 'dispatcherServlet'
2022-12-21 21:36:49,680 INFO o.s.w.s.FrameworkServlet [http-nio-9090-exec-1] Initializing Servlet 'dispatcherServlet'
2022-12-21 21:36:49,682 INFO o.s.w.s.FrameworkServlet [http-nio-9090-exec-1] Completed initialization in 1 ms
2022-12-21 21:36:49,693 INFO c.i.a.s.ApiValidatorFilter [http-nio-9090-exec-1] Logging Request  GET : /api/test
2022-12-21 21:36:49,789 INFO c.i.a.s.ApiValidatorFilter [http-nio-9090-exec-1] Logging Response :application/json
2022-12-21 21:36:58,467 INFO c.i.a.s.ApiValidatorFilter [http-nio-9090-exec-2] Logging Request  GET : /api/test
2022-12-21 21:36:58,497 INFO c.i.a.s.ApiValidatorFilter [http-nio-9090-exec-2] Logging Response :application/json
2022-12-21 21:41:32,871 INFO c.i.a.s.ApiValidatorFilter [http-nio-9090-exec-5] Logging Request  GET : /api/test
2022-12-21 21:41:32,885 INFO c.i.a.s.ApiValidatorFilter [http-nio-9090-exec-5] Logging Response :application/json
2022-12-21 21:41:41,229 INFO c.i.a.s.ApiValidatorFilter [http-nio-9090-exec-6] Logging Request  GET : /api/test
2022-12-21 21:41:41,234 INFO c.i.a.s.ApiValidatorFilter [http-nio-9090-exec-6] Logging Response :application/json
2022-12-21 21:43:16,879 INFO c.i.a.s.ApiValidatorFilter [http-nio-9090-exec-7] Logging Request  GET : /api/test
2022-12-21 21:43:16,900 INFO c.i.a.s.ApiValidatorFilter [http-nio-9090-exec-7] Logging Response :application/json
2022-12-21 21:43:26,343 INFO c.i.a.s.ApiValidatorFilter [http-nio-9090-exec-8] Logging Request  GET : /api/test
2022-12-21 21:43:26,351 INFO c.i.a.s.ApiValidatorFilter [http-nio-9090-exec-8] Logging Response :application/json
