2022-12-17 21:31:56,782 INFO o.h.v.i.u.Version [background-preinit] HV000001: Hibernate Validator 8.0.0.Final
2022-12-17 21:31:56,845 INFO o.s.b.StartupInfoLogger [main] Starting ApigwApplication using Java 17.0.3.1 with PID 414001 (/home/issac/work/ws-spring/apigw/bin/main started by issac in /home/issac/work/ws-spring/apigw)
2022-12-17 21:31:56,847 INFO o.s.b.SpringApplication [main] No active profile set, falling back to 1 default profile: "default"
2022-12-17 21:31:58,401 INFO o.s.d.r.c.RepositoryConfigurationDelegate [main] Bootstrapping Spring Data JPA repositories in DEFAULT mode.
2022-12-17 21:31:58,502 INFO o.s.d.r.c.RepositoryConfigurationDelegate [main] Finished Spring Data repository scanning in 88 ms. Found 2 JPA repository interfaces.
2022-12-17 21:31:59,732 INFO o.s.b.w.e.t.TomcatWebServer [main] Tomcat initialized with port(s): 9090 (http)
2022-12-17 21:31:59,759 INFO o.a.j.l.DirectJDKLog [main] Initializing ProtocolHandler ["http-nio-9090"]
2022-12-17 21:31:59,761 INFO o.a.j.l.DirectJDKLog [main] Starting service [Tomcat]
2022-12-17 21:31:59,761 INFO o.a.j.l.DirectJDKLog [main] Starting Servlet engine: [Apache Tomcat/10.1.1]
2022-12-17 21:32:00,114 INFO o.a.j.l.DirectJDKLog [main] Initializing Spring embedded WebApplicationContext
2022-12-17 21:32:00,119 INFO o.s.b.w.s.c.ServletWebServerApplicationContext [main] Root WebApplicationContext: initialization completed in 3182 ms
2022-12-17 21:32:00,357 INFO c.z.h.HikariDataSource [main] HikariPool-1 - Starting...
2022-12-17 21:32:01,185 INFO c.z.h.p.HikariPool [main] HikariPool-1 - Added connection org.postgresql.jdbc.PgConnection@7c1a8f0f
2022-12-17 21:32:01,188 INFO c.z.h.HikariDataSource [main] HikariPool-1 - Start completed.
2022-12-17 21:32:01,249 INFO o.h.j.i.u.LogHelper [main] HHH000204: Processing PersistenceUnitInfo [name: default]
2022-12-17 21:32:01,326 INFO o.h.Version [main] HHH000412: Hibernate ORM core version 6.1.5.Final
2022-12-17 21:32:01,622 WARN o.h.b.i.MetadataBuilderImpl$MetadataBuildingOptionsImpl [main] HHH90000021: Encountered deprecated setting [javax.persistence.sharedCache.mode], use [jakarta.persistence.sharedCache.mode] instead
2022-12-17 21:32:01,813 INFO o.h.e.j.d.i.DialectFactoryImpl [main] HHH000400: Using dialect: org.hibernate.dialect.PostgreSQL92Dialect
2022-12-17 21:32:01,814 WARN o.h.e.j.d.i.DialectFactoryImpl [main] HHH90000026: PostgreSQL92Dialect has been deprecated; use org.hibernate.dialect.PostgreSQLDialect instead
2022-12-17 21:32:02,630 INFO o.h.e.t.j.p.i.JtaPlatformInitiator [main] HHH000490: Using JtaPlatform implementation: [org.hibernate.engine.transaction.jta.platform.internal.NoJtaPlatform]
2022-12-17 21:32:02,638 INFO o.s.o.j.AbstractEntityManagerFactoryBean [main] Initialized JPA EntityManagerFactory for persistence unit 'default'
2022-12-17 21:32:02,651 WARN o.s.c.LocalVariableTableParameterNameDiscoverer [main] Using deprecated '-debug' fallback for parameter name resolution. Compile the affected code with '-parameters' instead or avoid its introspection: com.issac.apigw.controller.AuthController
2022-12-17 21:32:02,654 WARN o.s.c.LocalVariableTableParameterNameDiscoverer [main] Using deprecated '-debug' fallback for parameter name resolution. Compile the affected code with '-parameters' instead or avoid its introspection: com.issac.apigw.service.ClientIdpInfoService
2022-12-17 21:32:02,933 WARN o.s.c.LocalVariableTableParameterNameDiscoverer [main] Using deprecated '-debug' fallback for parameter name resolution. Compile the affected code with '-parameters' instead or avoid its introspection: com.issac.apigw.repo.ClientIdpInfoRepo
2022-12-17 21:32:03,039 WARN o.s.c.LocalVariableTableParameterNameDiscoverer [main] Using deprecated '-debug' fallback for parameter name resolution. Compile the affected code with '-parameters' instead or avoid its introspection: com.issac.apigw.service.UserLoginStateService
2022-12-17 21:32:03,104 WARN o.s.c.LocalVariableTableParameterNameDiscoverer [main] Using deprecated '-debug' fallback for parameter name resolution. Compile the affected code with '-parameters' instead or avoid its introspection: com.issac.apigw.service.EndpointFactory
2022-12-17 21:32:03,272 WARN o.s.c.LocalVariableTableParameterNameDiscoverer [main] Using deprecated '-debug' fallback for parameter name resolution. Compile the affected code with '-parameters' instead or avoid its introspection: com.issac.apigw.controller.LocalAuthController
2022-12-17 21:32:03,276 WARN o.s.c.s.AbstractApplicationContext [main] Exception encountered during context initialization - cancelling refresh attempt: org.springframework.beans.factory.BeanCreationException: Error creating bean with name 'localAuthController': Injection of autowired dependencies failed
2022-12-17 21:32:03,279 INFO o.s.o.j.AbstractEntityManagerFactoryBean [main] Closing JPA EntityManagerFactory for persistence unit 'default'
2022-12-17 21:32:03,282 INFO c.z.h.HikariDataSource [main] HikariPool-1 - Shutdown initiated...
2022-12-17 21:32:03,316 INFO c.z.h.HikariDataSource [main] HikariPool-1 - Shutdown completed.
2022-12-17 21:32:03,319 INFO o.a.j.l.DirectJDKLog [main] Stopping service [Tomcat]
2022-12-17 21:32:03,342 INFO o.s.b.a.l.ConditionEvaluationReportLogger [main] 

Error starting ApplicationContext. To display the condition evaluation report re-run your application with 'debug' enabled.
2022-12-17 21:32:03,395 ERROR o.s.b.SpringApplication [main] Application run failed
org.springframework.beans.factory.BeanCreationException: Error creating bean with name 'localAuthController': Injection of autowired dependencies failed
	at org.springframework.beans.factory.annotation.AutowiredAnnotationBeanPostProcessor.postProcessProperties(AutowiredAnnotationBeanPostProcessor.java:487)
	at org.springframework.beans.factory.support.AbstractAutowireCapableBeanFactory.populateBean(AbstractAutowireCapableBeanFactory.java:1397)
	at org.springframework.beans.factory.support.AbstractAutowireCapableBeanFactory.doCreateBean(AbstractAutowireCapableBeanFactory.java:598)
	at org.springframework.beans.factory.support.AbstractAutowireCapableBeanFactory.createBean(AbstractAutowireCapableBeanFactory.java:521)
	at org.springframework.beans.factory.support.AbstractBeanFactory.lambda$doGetBean$0(AbstractBeanFactory.java:326)
	at org.springframework.beans.factory.support.DefaultSingletonBeanRegistry.getSingleton(DefaultSingletonBeanRegistry.java:234)
	at org.springframework.beans.factory.support.AbstractBeanFactory.doGetBean(AbstractBeanFactory.java:324)
	at org.springframework.beans.factory.support.AbstractBeanFactory.getBean(AbstractBeanFactory.java:200)
	at org.springframework.beans.factory.support.DefaultListableBeanFactory.preInstantiateSingletons(DefaultListableBeanFactory.java:961)
	at org.springframework.context.support.AbstractApplicationContext.finishBeanFactoryInitialization(AbstractApplicationContext.java:915)
	at org.springframework.context.support.AbstractApplicationContext.refresh(AbstractApplicationContext.java:584)
	at org.springframework.boot.web.servlet.context.ServletWebServerApplicationContext.refresh(ServletWebServerApplicationContext.java:146)
	at org.springframework.boot.SpringApplication.refresh(SpringApplication.java:730)
	at org.springframework.boot.SpringApplication.refreshContext(SpringApplication.java:432)
	at org.springframework.boot.SpringApplication.run(SpringApplication.java:308)
	at org.springframework.boot.SpringApplication.run(SpringApplication.java:1302)
	at org.springframework.boot.SpringApplication.run(SpringApplication.java:1291)
	at com.issac.apigw.ApigwApplication.main(ApigwApplication.java:10)
Caused by: java.lang.IllegalArgumentException: Could not resolve placeholder 'idp.endpoint' in value "${idp.endpoint}"
	at org.springframework.util.PropertyPlaceholderHelper.parseStringValue(PropertyPlaceholderHelper.java:180)
	at org.springframework.util.PropertyPlaceholderHelper.replacePlaceholders(PropertyPlaceholderHelper.java:126)
	at org.springframework.core.env.AbstractPropertyResolver.doResolvePlaceholders(AbstractPropertyResolver.java:239)
	at org.springframework.core.env.AbstractPropertyResolver.resolveRequiredPlaceholders(AbstractPropertyResolver.java:210)
	at org.springframework.context.support.PropertySourcesPlaceholderConfigurer.lambda$processProperties$0(PropertySourcesPlaceholderConfigurer.java:191)
	at org.springframework.beans.factory.support.AbstractBeanFactory.resolveEmbeddedValue(AbstractBeanFactory.java:920)
	at org.springframework.beans.factory.support.DefaultListableBeanFactory.doResolveDependency(DefaultListableBeanFactory.java:1346)
	at org.springframework.beans.factory.support.DefaultListableBeanFactory.resolveDependency(DefaultListableBeanFactory.java:1325)
	at org.springframework.beans.factory.annotation.AutowiredAnnotationBeanPostProcessor$AutowiredFieldElement.resolveFieldValue(AutowiredAnnotationBeanPostProcessor.java:709)
	at org.springframework.beans.factory.annotation.AutowiredAnnotationBeanPostProcessor$AutowiredFieldElement.inject(AutowiredAnnotationBeanPostProcessor.java:692)
	at org.springframework.beans.factory.annotation.InjectionMetadata.inject(InjectionMetadata.java:127)
	at org.springframework.beans.factory.annotation.AutowiredAnnotationBeanPostProcessor.postProcessProperties(AutowiredAnnotationBeanPostProcessor.java:481)
	... 17 common frames omitted
2022-12-17 21:34:09,965 INFO o.h.v.i.u.Version [background-preinit] HV000001: Hibernate Validator 8.0.0.Final
2022-12-17 21:34:10,010 INFO o.s.b.StartupInfoLogger [main] Starting ApigwApplication using Java 17.0.3.1 with PID 414218 (/home/issac/work/ws-spring/apigw/bin/main started by issac in /home/issac/work/ws-spring/apigw)
2022-12-17 21:34:10,012 INFO o.s.b.SpringApplication [main] No active profile set, falling back to 1 default profile: "default"
2022-12-17 21:34:11,171 INFO o.s.d.r.c.RepositoryConfigurationDelegate [main] Bootstrapping Spring Data JPA repositories in DEFAULT mode.
2022-12-17 21:34:11,263 INFO o.s.d.r.c.RepositoryConfigurationDelegate [main] Finished Spring Data repository scanning in 78 ms. Found 2 JPA repository interfaces.
2022-12-17 21:34:11,988 INFO o.s.b.w.e.t.TomcatWebServer [main] Tomcat initialized with port(s): 9090 (http)
2022-12-17 21:34:12,013 INFO o.a.j.l.DirectJDKLog [main] Initializing ProtocolHandler ["http-nio-9090"]
2022-12-17 21:34:12,015 INFO o.a.j.l.DirectJDKLog [main] Starting service [Tomcat]
2022-12-17 21:34:12,015 INFO o.a.j.l.DirectJDKLog [main] Starting Servlet engine: [Apache Tomcat/10.1.1]
2022-12-17 21:34:12,132 INFO o.a.j.l.DirectJDKLog [main] Initializing Spring embedded WebApplicationContext
2022-12-17 21:34:12,135 INFO o.s.b.w.s.c.ServletWebServerApplicationContext [main] Root WebApplicationContext: initialization completed in 2055 ms
2022-12-17 21:34:12,325 INFO c.z.h.HikariDataSource [main] HikariPool-1 - Starting...
2022-12-17 21:34:12,740 INFO c.z.h.p.HikariPool [main] HikariPool-1 - Added connection org.postgresql.jdbc.PgConnection@4342c13
2022-12-17 21:34:12,742 INFO c.z.h.HikariDataSource [main] HikariPool-1 - Start completed.
2022-12-17 21:34:12,808 INFO o.h.j.i.u.LogHelper [main] HHH000204: Processing PersistenceUnitInfo [name: default]
2022-12-17 21:34:12,902 INFO o.h.Version [main] HHH000412: Hibernate ORM core version 6.1.5.Final
2022-12-17 21:34:13,225 WARN o.h.b.i.MetadataBuilderImpl$MetadataBuildingOptionsImpl [main] HHH90000021: Encountered deprecated setting [javax.persistence.sharedCache.mode], use [jakarta.persistence.sharedCache.mode] instead
2022-12-17 21:34:13,415 INFO o.h.e.j.d.i.DialectFactoryImpl [main] HHH000400: Using dialect: org.hibernate.dialect.PostgreSQL92Dialect
2022-12-17 21:34:13,417 WARN o.h.e.j.d.i.DialectFactoryImpl [main] HHH90000026: PostgreSQL92Dialect has been deprecated; use org.hibernate.dialect.PostgreSQLDialect instead
2022-12-17 21:34:14,226 INFO o.h.e.t.j.p.i.JtaPlatformInitiator [main] HHH000490: Using JtaPlatform implementation: [org.hibernate.engine.transaction.jta.platform.internal.NoJtaPlatform]
2022-12-17 21:34:14,237 INFO o.s.o.j.AbstractEntityManagerFactoryBean [main] Initialized JPA EntityManagerFactory for persistence unit 'default'
2022-12-17 21:34:14,250 WARN o.s.c.LocalVariableTableParameterNameDiscoverer [main] Using deprecated '-debug' fallback for parameter name resolution. Compile the affected code with '-parameters' instead or avoid its introspection: com.issac.apigw.controller.AuthController
2022-12-17 21:34:14,253 WARN o.s.c.LocalVariableTableParameterNameDiscoverer [main] Using deprecated '-debug' fallback for parameter name resolution. Compile the affected code with '-parameters' instead or avoid its introspection: com.issac.apigw.service.ClientIdpInfoService
2022-12-17 21:34:14,531 WARN o.s.c.LocalVariableTableParameterNameDiscoverer [main] Using deprecated '-debug' fallback for parameter name resolution. Compile the affected code with '-parameters' instead or avoid its introspection: com.issac.apigw.repo.ClientIdpInfoRepo
2022-12-17 21:34:14,605 WARN o.s.c.LocalVariableTableParameterNameDiscoverer [main] Using deprecated '-debug' fallback for parameter name resolution. Compile the affected code with '-parameters' instead or avoid its introspection: com.issac.apigw.service.UserLoginStateService
2022-12-17 21:34:14,642 WARN o.s.c.LocalVariableTableParameterNameDiscoverer [main] Using deprecated '-debug' fallback for parameter name resolution. Compile the affected code with '-parameters' instead or avoid its introspection: com.issac.apigw.service.EndpointFactory
2022-12-17 21:34:14,783 WARN o.s.c.LocalVariableTableParameterNameDiscoverer [main] Using deprecated '-debug' fallback for parameter name resolution. Compile the affected code with '-parameters' instead or avoid its introspection: com.issac.apigw.controller.LocalAuthController
2022-12-17 21:34:14,832 WARN o.s.b.a.o.j.JpaBaseConfiguration$JpaWebConfiguration [main] spring.jpa.open-in-view is enabled by default. Therefore, database queries may be performed during view rendering. Explicitly configure spring.jpa.open-in-view to disable this warning
2022-12-17 21:34:15,222 INFO o.a.j.l.DirectJDKLog [main] Starting ProtocolHandler ["http-nio-9090"]
2022-12-17 21:34:15,270 INFO o.s.b.w.e.t.TomcatWebServer [main] Tomcat started on port(s): 9090 (http) with context path ''
2022-12-17 21:34:15,284 INFO o.s.b.StartupInfoLogger [main] Started ApigwApplication in 5.898 seconds (process running for 6.314)
2022-12-17 21:35:47,889 INFO o.a.j.l.DirectJDKLog [http-nio-9090-exec-1] Initializing Spring DispatcherServlet 'dispatcherServlet'
2022-12-17 21:35:47,890 INFO o.s.w.s.FrameworkServlet [http-nio-9090-exec-1] Initializing Servlet 'dispatcherServlet'
2022-12-17 21:35:47,892 INFO o.s.w.s.FrameworkServlet [http-nio-9090-exec-1] Completed initialization in 2 ms
2022-12-17 21:37:04,760 INFO o.s.o.j.AbstractEntityManagerFactoryBean [SpringApplicationShutdownHook] Closing JPA EntityManagerFactory for persistence unit 'default'
2022-12-17 21:37:04,762 INFO c.z.h.HikariDataSource [SpringApplicationShutdownHook] HikariPool-1 - Shutdown initiated...
2022-12-17 21:37:04,782 INFO c.z.h.HikariDataSource [SpringApplicationShutdownHook] HikariPool-1 - Shutdown completed.
2022-12-17 21:37:09,853 INFO o.h.v.i.u.Version [background-preinit] HV000001: Hibernate Validator 8.0.0.Final
2022-12-17 21:37:09,910 INFO o.s.b.StartupInfoLogger [main] Starting ApigwApplication using Java 17.0.3.1 with PID 414600 (/home/issac/work/ws-spring/apigw/bin/main started by issac in /home/issac/work/ws-spring/apigw)
2022-12-17 21:37:09,912 INFO o.s.b.SpringApplication [main] No active profile set, falling back to 1 default profile: "default"
2022-12-17 21:37:11,098 INFO o.s.d.r.c.RepositoryConfigurationDelegate [main] Bootstrapping Spring Data JPA repositories in DEFAULT mode.
2022-12-17 21:37:11,176 INFO o.s.d.r.c.RepositoryConfigurationDelegate [main] Finished Spring Data repository scanning in 65 ms. Found 2 JPA repository interfaces.
2022-12-17 21:37:12,068 INFO o.s.b.w.e.t.TomcatWebServer [main] Tomcat initialized with port(s): 9090 (http)
2022-12-17 21:37:12,085 INFO o.a.j.l.DirectJDKLog [main] Initializing ProtocolHandler ["http-nio-9090"]
2022-12-17 21:37:12,090 INFO o.a.j.l.DirectJDKLog [main] Starting service [Tomcat]
2022-12-17 21:37:12,091 INFO o.a.j.l.DirectJDKLog [main] Starting Servlet engine: [Apache Tomcat/10.1.1]
2022-12-17 21:37:12,199 INFO o.a.j.l.DirectJDKLog [main] Initializing Spring embedded WebApplicationContext
2022-12-17 21:37:12,204 INFO o.s.b.w.s.c.ServletWebServerApplicationContext [main] Root WebApplicationContext: initialization completed in 2225 ms
2022-12-17 21:37:12,416 INFO c.z.h.HikariDataSource [main] HikariPool-1 - Starting...
2022-12-17 21:37:12,807 INFO c.z.h.p.HikariPool [main] HikariPool-1 - Added connection org.postgresql.jdbc.PgConnection@298b64f7
2022-12-17 21:37:12,811 INFO c.z.h.HikariDataSource [main] HikariPool-1 - Start completed.
2022-12-17 21:37:12,871 INFO o.h.j.i.u.LogHelper [main] HHH000204: Processing PersistenceUnitInfo [name: default]
2022-12-17 21:37:12,940 INFO o.h.Version [main] HHH000412: Hibernate ORM core version 6.1.5.Final
2022-12-17 21:37:13,228 WARN o.h.b.i.MetadataBuilderImpl$MetadataBuildingOptionsImpl [main] HHH90000021: Encountered deprecated setting [javax.persistence.sharedCache.mode], use [jakarta.persistence.sharedCache.mode] instead
2022-12-17 21:37:13,404 INFO o.h.e.j.d.i.DialectFactoryImpl [main] HHH000400: Using dialect: org.hibernate.dialect.PostgreSQL92Dialect
2022-12-17 21:37:13,404 WARN o.h.e.j.d.i.DialectFactoryImpl [main] HHH90000026: PostgreSQL92Dialect has been deprecated; use org.hibernate.dialect.PostgreSQLDialect instead
2022-12-17 21:37:14,239 INFO o.h.e.t.j.p.i.JtaPlatformInitiator [main] HHH000490: Using JtaPlatform implementation: [org.hibernate.engine.transaction.jta.platform.internal.NoJtaPlatform]
2022-12-17 21:37:14,249 INFO o.s.o.j.AbstractEntityManagerFactoryBean [main] Initialized JPA EntityManagerFactory for persistence unit 'default'
2022-12-17 21:37:14,263 WARN o.s.c.LocalVariableTableParameterNameDiscoverer [main] Using deprecated '-debug' fallback for parameter name resolution. Compile the affected code with '-parameters' instead or avoid its introspection: com.issac.apigw.controller.AuthController
2022-12-17 21:37:14,266 WARN o.s.c.LocalVariableTableParameterNameDiscoverer [main] Using deprecated '-debug' fallback for parameter name resolution. Compile the affected code with '-parameters' instead or avoid its introspection: com.issac.apigw.service.ClientIdpInfoService
2022-12-17 21:37:14,545 WARN o.s.c.LocalVariableTableParameterNameDiscoverer [main] Using deprecated '-debug' fallback for parameter name resolution. Compile the affected code with '-parameters' instead or avoid its introspection: com.issac.apigw.repo.ClientIdpInfoRepo
2022-12-17 21:37:14,652 WARN o.s.c.LocalVariableTableParameterNameDiscoverer [main] Using deprecated '-debug' fallback for parameter name resolution. Compile the affected code with '-parameters' instead or avoid its introspection: com.issac.apigw.service.UserLoginStateService
2022-12-17 21:37:14,696 WARN o.s.c.LocalVariableTableParameterNameDiscoverer [main] Using deprecated '-debug' fallback for parameter name resolution. Compile the affected code with '-parameters' instead or avoid its introspection: com.issac.apigw.service.EndpointFactory
2022-12-17 21:37:14,857 WARN o.s.c.LocalVariableTableParameterNameDiscoverer [main] Using deprecated '-debug' fallback for parameter name resolution. Compile the affected code with '-parameters' instead or avoid its introspection: com.issac.apigw.controller.LocalAuthController
2022-12-17 21:37:14,916 WARN o.s.b.a.o.j.JpaBaseConfiguration$JpaWebConfiguration [main] spring.jpa.open-in-view is enabled by default. Therefore, database queries may be performed during view rendering. Explicitly configure spring.jpa.open-in-view to disable this warning
2022-12-17 21:37:15,269 INFO o.a.j.l.DirectJDKLog [main] Starting ProtocolHandler ["http-nio-9090"]
2022-12-17 21:37:15,300 INFO o.s.b.w.e.t.TomcatWebServer [main] Tomcat started on port(s): 9090 (http) with context path ''
2022-12-17 21:37:15,313 INFO o.s.b.StartupInfoLogger [main] Started ApigwApplication in 6.145 seconds (process running for 6.623)
2022-12-17 21:37:21,208 INFO o.a.j.l.DirectJDKLog [http-nio-9090-exec-1] Initializing Spring DispatcherServlet 'dispatcherServlet'
2022-12-17 21:37:21,208 INFO o.s.w.s.FrameworkServlet [http-nio-9090-exec-1] Initializing Servlet 'dispatcherServlet'
2022-12-17 21:37:21,210 INFO o.s.w.s.FrameworkServlet [http-nio-9090-exec-1] Completed initialization in 1 ms
2022-12-17 21:37:22,194 INFO c.i.a.c.LocalAuthController [http-nio-9090-exec-1] <200 OK OK,eyJhbGciOiJIUzI1NiJ9.eyJqdGkiOiJjYzVjMjk3ZC02NzU1LTRhZGQtYTQwNC1mOTY5MDc5NjY5YTciLCJpYXQiOjE2NzEyOTMyNDIsInN1YiI6Imlzc2FjQGdtYWlsLmNvbSIsImlzcyI6IiR7YXBwLmlzc3VlciIsImV4cCI6MTY3MTI5Mzg0Mn0.AdVM5dqSqGd3Wby9sh_JHdwl7Sites8P4nBKrYltBGk,[X-Content-Type-Options:"nosniff", X-XSS-Protection:"0", Cache-Control:"no-cache, no-store, max-age=0, must-revalidate", Pragma:"no-cache", Expires:"0", X-Frame-Options:"DENY", Content-Type:"application/json", Content-Length:"232", Date:"Sat, 17 Dec 2022 16:07:22 GMT", Keep-Alive:"timeout=60", Connection:"keep-alive"]>
2022-12-17 21:37:33,076 ERROR c.i.a.e.handleValEx [http-nio-9090-exec-2] Rest Client error: 
org.springframework.web.client.HttpClientErrorException$NotFound: 404 : "{"errorCode":404,"errorValue":"NOT_FOUND","message":"invalid email/password","errors":null}"
	at org.springframework.web.client.HttpClientErrorException.create(HttpClientErrorException.java:112)
	at org.springframework.web.client.DefaultResponseErrorHandler.handleError(DefaultResponseErrorHandler.java:183)
	at org.springframework.web.client.DefaultResponseErrorHandler.handleError(DefaultResponseErrorHandler.java:137)
	at org.springframework.web.client.ResponseErrorHandler.handleError(ResponseErrorHandler.java:63)
	at org.springframework.web.client.RestTemplate.handleResponse(RestTemplate.java:915)
	at org.springframework.web.client.RestTemplate.doExecute(RestTemplate.java:864)
	at org.springframework.web.client.RestTemplate.execute(RestTemplate.java:764)
	at org.springframework.web.client.RestTemplate.exchange(RestTemplate.java:646)
	at com.issac.apigw.controller.LocalAuthController.login(LocalAuthController.java:49)
	at java.base/jdk.internal.reflect.NativeMethodAccessorImpl.invoke0(Native Method)
	at java.base/jdk.internal.reflect.NativeMethodAccessorImpl.invoke(NativeMethodAccessorImpl.java:77)
	at java.base/jdk.internal.reflect.DelegatingMethodAccessorImpl.invoke(DelegatingMethodAccessorImpl.java:43)
	at java.base/java.lang.reflect.Method.invoke(Method.java:568)
	at org.springframework.web.method.support.InvocableHandlerMethod.doInvoke(InvocableHandlerMethod.java:207)
	at org.springframework.web.method.support.InvocableHandlerMethod.invokeForRequest(InvocableHandlerMethod.java:152)
	at org.springframework.web.servlet.mvc.method.annotation.ServletInvocableHandlerMethod.invokeAndHandle(ServletInvocableHandlerMethod.java:117)
	at org.springframework.web.servlet.mvc.method.annotation.RequestMappingHandlerAdapter.invokeHandlerMethod(RequestMappingHandlerAdapter.java:884)
	at org.springframework.web.servlet.mvc.method.annotation.RequestMappingHandlerAdapter.handleInternal(RequestMappingHandlerAdapter.java:797)
	at org.springframework.web.servlet.mvc.method.AbstractHandlerMethodAdapter.handle(AbstractHandlerMethodAdapter.java:87)
	at org.springframework.web.servlet.DispatcherServlet.doDispatch(DispatcherServlet.java:1080)
	at org.springframework.web.servlet.DispatcherServlet.doService(DispatcherServlet.java:973)
	at org.springframework.web.servlet.FrameworkServlet.processRequest(FrameworkServlet.java:1003)
	at org.springframework.web.servlet.FrameworkServlet.doPost(FrameworkServlet.java:906)
	at jakarta.servlet.http.HttpServlet.service(HttpServlet.java:731)
	at org.springframework.web.servlet.FrameworkServlet.service(FrameworkServlet.java:880)
	at jakarta.servlet.http.HttpServlet.service(HttpServlet.java:814)
	at org.apache.catalina.core.ApplicationFilterChain.internalDoFilter(ApplicationFilterChain.java:223)
	at org.apache.catalina.core.ApplicationFilterChain.doFilter(ApplicationFilterChain.java:158)
	at org.apache.tomcat.websocket.server.WsFilter.doFilter(WsFilter.java:53)
	at org.apache.catalina.core.ApplicationFilterChain.internalDoFilter(ApplicationFilterChain.java:185)
	at org.apache.catalina.core.ApplicationFilterChain.doFilter(ApplicationFilterChain.java:158)
	at org.springframework.web.filter.RequestContextFilter.doFilterInternal(RequestContextFilter.java:100)
	at org.springframework.web.filter.OncePerRequestFilter.doFilter(OncePerRequestFilter.java:116)
	at org.apache.catalina.core.ApplicationFilterChain.internalDoFilter(ApplicationFilterChain.java:185)
	at org.apache.catalina.core.ApplicationFilterChain.doFilter(ApplicationFilterChain.java:158)
	at org.springframework.web.filter.FormContentFilter.doFilterInternal(FormContentFilter.java:93)
	at org.springframework.web.filter.OncePerRequestFilter.doFilter(OncePerRequestFilter.java:116)
	at org.apache.catalina.core.ApplicationFilterChain.internalDoFilter(ApplicationFilterChain.java:185)
	at org.apache.catalina.core.ApplicationFilterChain.doFilter(ApplicationFilterChain.java:158)
	at org.springframework.web.filter.CharacterEncodingFilter.doFilterInternal(CharacterEncodingFilter.java:201)
	at org.springframework.web.filter.OncePerRequestFilter.doFilter(OncePerRequestFilter.java:116)
	at org.apache.catalina.core.ApplicationFilterChain.internalDoFilter(ApplicationFilterChain.java:185)
	at org.apache.catalina.core.ApplicationFilterChain.doFilter(ApplicationFilterChain.java:158)
	at org.apache.catalina.core.StandardWrapperValve.invoke(StandardWrapperValve.java:197)
	at org.apache.catalina.core.StandardContextValve.invoke(StandardContextValve.java:97)
	at org.apache.catalina.authenticator.AuthenticatorBase.invoke(AuthenticatorBase.java:542)
	at org.apache.catalina.core.StandardHostValve.invoke(StandardHostValve.java:119)
	at org.apache.catalina.valves.ErrorReportValve.invoke(ErrorReportValve.java:92)
	at org.apache.catalina.core.StandardEngineValve.invoke(StandardEngineValve.java:78)
	at org.apache.catalina.connector.CoyoteAdapter.service(CoyoteAdapter.java:357)
	at org.apache.coyote.http11.Http11Processor.service(Http11Processor.java:400)
	at org.apache.coyote.AbstractProcessorLight.process(AbstractProcessorLight.java:65)
	at org.apache.coyote.AbstractProtocol$ConnectionHandler.process(AbstractProtocol.java:861)
	at org.apache.tomcat.util.net.NioEndpoint$SocketProcessor.doRun(NioEndpoint.java:1739)
	at org.apache.tomcat.util.net.SocketProcessorBase.run(SocketProcessorBase.java:52)
	at org.apache.tomcat.util.threads.ThreadPoolExecutor.runWorker(ThreadPoolExecutor.java:1191)
	at org.apache.tomcat.util.threads.ThreadPoolExecutor$Worker.run(ThreadPoolExecutor.java:659)
	at org.apache.tomcat.util.threads.TaskThread$WrappingRunnable.run(TaskThread.java:61)
	at java.base/java.lang.Thread.run(Thread.java:833)
